2025-10-17 20:48:02,575 [Worker-7: Loading available Gradle versions] INFO  o.e.b.c.i.u.g.PublishedGradleVersions - Gradle version information cache is not available. Remote download required.
2025-10-17 20:51:58,366 [Worker-4: Import Getting Started Content] INFO  o.e.m.c.i.l.LifecycleMappingFactory - Using org.eclipse.m2e.jdt.JarLifecycleMapping lifecycle mapping for MavenProject: com.petcare:docker-springboot:0.0.1-SNAPSHOT @ D:\3-1Oddsem\InSemLabP\DOCKER-Petcare\docker-springboot\pom.xml.
2025-10-17 20:52:00,246 [Worker-4: Import Getting Started Content] INFO  o.e.m.j.i.AbstractJavaProjectConfigurator - Adding source folder /docker-springboot/src/main/java
2025-10-17 20:52:00,247 [Worker-4: Import Getting Started Content] INFO  o.e.m.j.i.AbstractJavaProjectConfigurator - Adding resource folder /docker-springboot/src/main/resources
2025-10-17 20:52:00,252 [Worker-4: Import Getting Started Content] INFO  o.e.m.j.i.AbstractJavaProjectConfigurator - Adding resource folder /docker-springboot/src/main/resources
2025-10-17 20:52:00,257 [Worker-4: Import Getting Started Content] INFO  o.e.m.j.i.AbstractJavaProjectConfigurator - Adding source folder /docker-springboot/src/test/java
2025-10-17 20:52:00,257 [Worker-4: Import Getting Started Content] INFO  o.e.m.j.i.AbstractJavaProjectConfigurator - Adding resource folder /docker-springboot/src/test/resources
2025-10-17 20:52:01,376 [Worker-4: Import Getting Started Content] INFO  o.e.m.c.i.p.ProjectConfigurationManager - Imported and configured 1 project(s) in 6 sec
2025-10-17 20:52:01,380 [Worker-4: Import Getting Started Content] INFO  o.e.m.c.i.p.ProjectConfigurationManager - Update started
2025-10-17 20:52:01,843 [Worker-4: Import Getting Started Content] INFO  o.e.m.c.i.l.LifecycleMappingFactory - Using org.eclipse.m2e.jdt.JarLifecycleMapping lifecycle mapping for MavenProject: com.petcare:docker-springboot:0.0.1-SNAPSHOT @ D:\3-1Oddsem\InSemLabP\DOCKER-Petcare\docker-springboot\pom.xml.
2025-10-17 20:52:02,976 [Worker-4: Import Getting Started Content] INFO  o.e.m.j.i.AbstractJavaProjectConfigurator - Adding source folder /docker-springboot/src/main/java
2025-10-17 20:52:02,978 [Worker-4: Import Getting Started Content] INFO  o.e.m.j.i.AbstractJavaProjectConfigurator - Adding resource folder /docker-springboot/src/main/resources
2025-10-17 20:52:02,981 [Worker-4: Import Getting Started Content] INFO  o.e.m.j.i.AbstractJavaProjectConfigurator - Adding resource folder /docker-springboot/src/main/resources
2025-10-17 20:52:02,982 [Worker-4: Import Getting Started Content] INFO  o.e.m.j.i.AbstractJavaProjectConfigurator - Adding source folder /docker-springboot/src/test/java
2025-10-17 20:52:02,984 [Worker-4: Import Getting Started Content] INFO  o.e.m.j.i.AbstractJavaProjectConfigurator - Adding resource folder /docker-springboot/src/test/resources
2025-10-17 20:52:04,309 [Worker-4: Import Getting Started Content] INFO  o.e.m.c.i.p.ProjectConfigurationManager - Update completed for 1 poms: local refresh takes 0.00 sec, refresh facades takes 1.00 sec, update config takes 1.00 sec 
2025-10-17 20:52:04,547 [Worker-35: Updating Maven Project] INFO  o.e.m.c.i.p.ProjectConfigurationManager - Update started
2025-10-17 20:52:06,266 [Worker-35: Updating Maven Project] INFO  o.e.m.c.i.l.LifecycleMappingFactory - Using org.eclipse.m2e.jdt.JarLifecycleMapping lifecycle mapping for MavenProject: com.petcare:docker-springboot:0.0.1-SNAPSHOT @ D:\3-1Oddsem\InSemLabP\DOCKER-Petcare\docker-springboot\pom.xml.
2025-10-17 20:52:08,157 [Worker-35: Updating Maven Project] INFO  o.e.m.j.i.AbstractJavaProjectConfigurator - Adding source folder /docker-springboot/src/main/java
2025-10-17 20:52:08,159 [Worker-35: Updating Maven Project] INFO  o.e.m.j.i.AbstractJavaProjectConfigurator - Adding resource folder /docker-springboot/src/main/resources
2025-10-17 20:52:08,160 [Worker-35: Updating Maven Project] INFO  o.e.m.j.i.AbstractJavaProjectConfigurator - Adding resource folder /docker-springboot/src/main/resources
2025-10-17 20:52:08,161 [Worker-35: Updating Maven Project] INFO  o.e.m.j.i.AbstractJavaProjectConfigurator - Adding source folder /docker-springboot/src/test/java
2025-10-17 20:52:08,163 [Worker-35: Updating Maven Project] INFO  o.e.m.j.i.AbstractJavaProjectConfigurator - Adding resource folder /docker-springboot/src/test/resources
2025-10-17 20:52:09,188 [Worker-35: Updating Maven Project] INFO  o.e.m.c.i.p.ProjectConfigurationManager - Update completed for 1 poms: local refresh takes 0.00 sec, refresh facades takes 3.00 sec, update config takes 1.00 sec 
2025-10-17 20:52:13,603 [Worker-39: Building] INFO  o.a.m.s.f.DefaultMavenResourcesFiltering - Copying 1 resource from src\main\resources to target\classes
2025-10-17 20:52:13,685 [Worker-39: Building] INFO  o.a.m.s.f.DefaultMavenResourcesFiltering - Copying 0 resource from src\main\resources to target\classes
2025-10-17 20:52:13,704 [Worker-39: Building] INFO  o.a.m.s.f.DefaultMavenResourcesFiltering - skip non existing resourceDirectory D:\3-1Oddsem\InSemLabP\DOCKER-Petcare\docker-springboot\src\test\resources
2025-10-17 20:53:05,541 [Worker-4: Building] INFO  o.a.m.s.f.DefaultMavenResourcesFiltering - Copying 1 resource from src\main\resources to target\classes
2025-10-17 20:53:05,617 [Worker-4: Building] INFO  o.a.m.s.f.DefaultMavenResourcesFiltering - Copying 0 resource from src\main\resources to target\classes
2025-10-17 20:53:05,623 [Worker-4: Building] INFO  o.a.m.s.f.DefaultMavenResourcesFiltering - skip non existing resourceDirectory D:\3-1Oddsem\InSemLabP\DOCKER-Petcare\docker-springboot\src\test\resources
2025-10-17 20:57:02,507 [Worker-43: Building] INFO  o.a.m.s.f.DefaultMavenResourcesFiltering - Copying 1 resource from src\main\resources to target\classes
2025-10-17 20:57:02,623 [Worker-43: Building] INFO  o.a.m.s.f.DefaultMavenResourcesFiltering - Copying 0 resource from src\main\resources to target\classes
2025-10-17 20:57:02,636 [Worker-43: Building] INFO  o.a.m.s.f.DefaultMavenResourcesFiltering - skip non existing resourceDirectory D:\3-1Oddsem\InSemLabP\DOCKER-Petcare\docker-springboot\src\test\resources
2025-10-17 20:58:17,003 [Worker-36: Building Workspace] INFO  o.a.m.s.f.DefaultMavenResourcesFiltering - Copying 1 resource from src\main\resources to target\classes
2025-10-17 20:58:17,187 [Worker-36: Building Workspace] INFO  o.a.m.s.f.DefaultMavenResourcesFiltering - Copying 0 resource from src\main\resources to target\classes
2025-10-17 20:58:17,201 [Worker-36: Building Workspace] INFO  o.a.m.s.f.DefaultMavenResourcesFiltering - skip non existing resourceDirectory D:\3-1Oddsem\InSemLabP\DOCKER-Petcare\docker-springboot\src\test\resources
2025-10-17 20:58:45,219 [Worker-46: Building] INFO  o.a.m.s.f.DefaultMavenResourcesFiltering - Copying 1 resource from src\main\resources to target\classes
2025-10-17 20:58:45,300 [Worker-46: Building] INFO  o.a.m.s.f.DefaultMavenResourcesFiltering - Copying 0 resource from src\main\resources to target\classes
2025-10-17 20:58:45,306 [Worker-46: Building] INFO  o.a.m.s.f.DefaultMavenResourcesFiltering - skip non existing resourceDirectory D:\3-1Oddsem\InSemLabP\DOCKER-Petcare\docker-springboot\src\test\resources
2025-10-17 21:00:26,976 [Worker-36: Building] INFO  o.a.m.s.f.DefaultMavenResourcesFiltering - Copying 1 resource from src\main\resources to target\classes
2025-10-17 21:00:27,153 [Worker-36: Building] INFO  o.a.m.s.f.DefaultMavenResourcesFiltering - Copying 0 resource from src\main\resources to target\classes
2025-10-17 21:00:27,161 [Worker-36: Building] INFO  o.a.m.s.f.DefaultMavenResourcesFiltering - skip non existing resourceDirectory D:\3-1Oddsem\InSemLabP\DOCKER-Petcare\docker-springboot\src\test\resources
2025-10-17 21:01:26,404 [Worker-44: Building] INFO  o.a.m.s.f.DefaultMavenResourcesFiltering - Copying 1 resource from src\main\resources to target\classes
2025-10-17 21:01:26,770 [Worker-44: Building] INFO  o.a.m.s.f.DefaultMavenResourcesFiltering - Copying 0 resource from src\main\resources to target\classes
2025-10-17 21:01:26,775 [Worker-44: Building] INFO  o.a.m.s.f.DefaultMavenResourcesFiltering - skip non existing resourceDirectory D:\3-1Oddsem\InSemLabP\DOCKER-Petcare\docker-springboot\src\test\resources
2025-10-17 21:02:53,627 [Worker-39: Launching docker-springboot - DockerSpringbootApplication] INFO  o.a.m.s.f.DefaultMavenResourcesFiltering - Copying 1 resource from src\main\resources to target\classes
2025-10-17 21:02:53,777 [Worker-39: Launching docker-springboot - DockerSpringbootApplication] INFO  o.a.m.s.f.DefaultMavenResourcesFiltering - Copying 0 resource from src\main\resources to target\classes
2025-10-17 21:02:53,784 [Worker-39: Launching docker-springboot - DockerSpringbootApplication] INFO  o.a.m.s.f.DefaultMavenResourcesFiltering - skip non existing resourceDirectory D:\3-1Oddsem\InSemLabP\DOCKER-Petcare\docker-springboot\src\test\resources
2025-10-17 21:08:58,623 [Worker-39: Launching docker-springboot - DockerSpringbootApplication] INFO  o.a.m.s.f.DefaultMavenResourcesFiltering - Copying 1 resource from src\main\resources to target\classes
2025-10-17 21:08:58,813 [Worker-39: Launching docker-springboot - DockerSpringbootApplication] INFO  o.a.m.s.f.DefaultMavenResourcesFiltering - Copying 0 resource from src\main\resources to target\classes
2025-10-17 21:08:58,819 [Worker-39: Launching docker-springboot - DockerSpringbootApplication] INFO  o.a.m.s.f.DefaultMavenResourcesFiltering - skip non existing resourceDirectory D:\3-1Oddsem\InSemLabP\DOCKER-Petcare\docker-springboot\src\test\resources
